<?xml version="1.0" encoding="UTF-8"?>
<testng-results ignored="0" total="1" passed="1" failed="0" skipped="0">
  <reporter-output>
  </reporter-output>
  <suite started-at="2025-12-07T08:40:07 IST" name="Suite" finished-at="2025-12-07T08:40:16 IST" duration-ms="8490">
    <groups>
    </groups>
    <test started-at="2025-12-07T08:40:07 IST" name="Test" finished-at="2025-12-07T08:40:16 IST" duration-ms="8490">
      <class name="tests.SearchTest">
        <test-method is-config="true" signature="setUp()[pri:0, instance:tests.SearchTest@28701274]" started-at="2025-12-07T08:40:07 IST" name="setUp" finished-at="2025-12-07T08:40:10 IST" duration-ms="2580" status="PASS">
          <reporter-output>
          </reporter-output>
        </test-method> <!-- setUp -->
        <test-method signature="titleContains()[pri:0, instance:tests.SearchTest@28701274]" started-at="2025-12-07T08:40:10 IST" name="titleContains" finished-at="2025-12-07T08:40:14 IST" duration-ms="4309" status="PASS">
          <reporter-output>
          </reporter-output>
        </test-method> <!-- titleContains -->
        <test-method is-config="true" signature="TearDown()[pri:0, instance:tests.SearchTest@28701274]" started-at="2025-12-07T08:40:14 IST" name="TearDown" finished-at="2025-12-07T08:40:16 IST" duration-ms="1550" status="PASS">
          <reporter-output>
          </reporter-output>
        </test-method> <!-- TearDown -->
      </class> <!-- tests.SearchTest -->
    </test> <!-- Test -->
  </suite> <!-- Suite -->
</testng-results>
