<?xml version="1.0" encoding="UTF-8"?>
<!-- Generated by org.testng.reporters.JUnitXMLReporter -->
<testsuite ignored="3" hostname="Snigdha" failures="1" tests="1" name="GroupTests" time="0.085" errors="0" timestamp="2025-12-13T22:26:00 IST">
  <testcase classname="tests.CheckOutTest" name="testCheckoutFlow" time="0.027">
    <failure type="java.lang.IllegalArgumentException" message="Input must be set">
      <![CDATA[java.lang.IllegalArgumentException: Input must be set
at org.openqa.selenium.internal.Require.nonNull(Require.java:60)
at org.openqa.selenium.support.ui.FluentWait.<init>(FluentWait.java:94)
at org.openqa.selenium.support.ui.WebDriverWait.<init>(WebDriverWait.java:74)
at org.openqa.selenium.support.ui.WebDriverWait.<init>(WebDriverWait.java:43)
at utilities.WaitUtils.getWait(WaitUtils.java:22)
at utilities.WaitUtils.waitforVisibility(WaitUtils.java:29)
at pages.BasePage.input(BasePage.java:35)
at pages.HomePage.search(HomePage.java:12)
at tests.CheckOutTest.testCheckoutFlow(CheckOutTest.java:20)
at java.base/java.util.ArrayList.forEach(ArrayList.java:1596)
... Removed 25 stack frames]]>
    </failure>
  </testcase> <!-- testCheckoutFlow -->
  <testcase classname="tests.logInTest" name="loginTest" time="0.0">
    <ignored/>
  </testcase> <!-- loginTest -->
  <testcase classname="tests.SearchTest" name="titleContains" time="0.0">
    <ignored/>
  </testcase> <!-- titleContains -->
  <testcase classname="tests.ProductTest" name="testAddToCart" time="0.0">
    <ignored/>
  </testcase> <!-- testAddToCart -->
</testsuite> <!-- GroupTests -->
