<?xml version="1.0" encoding="UTF-8"?>
<!-- Generated by org.testng.reporters.JUnitXMLReporter -->
<testsuite ignored="0" hostname="Snigdha" failures="0" tests="3" name="Firefox Tests" time="0.175" errors="0" timestamp="2025-12-14T15:53:19 IST">
  <testcase classname="tests.SearchTest" name="titleContains" time="0.001">
    <skipped/>
  </testcase> <!-- titleContains -->
  <testcase classname="tests.ProductTest" name="testAddToCart" time="0.001">
    <skipped/>
  </testcase> <!-- testAddToCart -->
  <testcase classname="tests.CheckOutTest" name="testCheckoutFlow" time="0.0">
    <skipped/>
  </testcase> <!-- testCheckoutFlow -->
</testsuite> <!-- Firefox Tests -->
